============================================================
  CINEOS NEWS CROSS-REFERENCE ENGINE
  2026-05-13 13:45 IST
============================================================
Database: 1972 alerts · 1245 channels · 1544 nodes
[NEWS] Fetching enforcement news...
  Found 75 unique articles

[MATCHING] 75 articles vs database...
  [ 70%] ED arrests key accused in Bitcoin scam, hacker ‘Sriki’ also 
  [ 70%] Three mule account operators held for routing over Rs 1.22-c
  [ 70%] 72-year-old man loses Rs 1.47 crore to digital arrest fraud 
  [ 70%] Gujarat cyber crime probe uncovers bank account ‘used in Bab
  [ 70%] 10 held as Gujarat Police bust Rs 53 crore interstate cyber 
  [ 70%] Three mule account operators held for routing over ₹1.22-cro
  [ 70%] Social media photos to fake loans: Inside AI deepfake scam b
  [ 70%] Haryana-based gang busted after tricking woman in Rs 55 lakh
  [ 70%] Two Gujarat men arrested for ₹49 lakh cyber fraud via fake t
  [ 70%] 3 cyber fraud rackets busted; 6 held across multiple states
  [ 70%] WhatsApp banned 9,400 accounts involved in digital arrest sc
  [ 70%] Rs 10 Crore Fake Medicine Racket Busted In Delhi, 4 Arrested
  [ 70%] Fake medicine racket busted, 4 arrested
  [ 70%] Delhi Police Bust Fake Drug Racket in Mukherjee Nagar, 4 Arr
  [ 70%] Fake life-saving medicine racket busted in Delhi: Here's how
  [ 70%] Delhi Police bust Rs 10 crore fake medicine racket, four arr
  [ 70%] Delhi Crime Branch busts ₹6 crore fake medicine racket; coun

17 matches found · saved to reports/news_matches.json

TOP 3 MATCHES:

  70% — ED arrests key accused in Bitcoin scam, hacker ‘Sriki’ also nabbe
    • CINEOS has 314 crypto_fraud alerts including Karnataka

  70% — Three mule account operators held for routing over Rs 1.22-crore 
    • CINEOS has 144 upi_mule alerts including Delhi

  70% — 72-year-old man loses Rs 1.47 crore to digital arrest fraud in Gu
    • CINEOS has 8 digital_arrest alerts including Gujarat
============================================================
  CINEOS NEWS CROSS-REFERENCE ENGINE
  2026-05-13 15:45 IST
============================================================
Database: 2000 alerts · 1245 channels · 1544 nodes
[NEWS] Fetching enforcement news...
  Found 66 unique articles

[MATCHING] 66 articles vs database...
  [ 70%] ED arrests key accused in Bitcoin scam, hacker ‘Sriki’ also 
  [ 70%] Three mule account operators held for routing over Rs 1.22-c
  [ 70%] 72-year-old man loses Rs 1.47 crore to digital arrest fraud 
  [ 70%] Gujarat cyber crime probe uncovers bank account ‘used in Bab
  [ 70%] 10 held as Gujarat Police bust Rs 53 crore interstate cyber 
  [ 70%] Three mule account operators held for routing over ₹1.22-cro
  [ 70%] Social media photos to fake loans: Inside AI deepfake scam b
  [ 70%] Haryana-based gang busted after tricking woman in Rs 55 lakh
  [ 70%] Retired Telangana Teacher Loses Rs 82 Lakh In Digital Arrest
  [ 70%] Rs 10 Crore Fake Medicine Racket Busted In Delhi, 4 Arrested
  [ 70%] Fake medicine racket busted, 4 arrested
  [ 70%] Fake life-saving medicine racket busted in Delhi: Here's how
  [ 70%] Delhi Police bust Rs 10 crore fake medicine racket, four arr
  [ 70%] Delhi Crime Branch busts ₹6 crore fake medicine racket; coun
  [ 70%] Delhi Police bust fake medicine racket, seize drugs worth ₹6

15 matches found · saved to reports/news_matches.json

TOP 3 MATCHES:

  70% — ED arrests key accused in Bitcoin scam, hacker ‘Sriki’ also nabbe
    • CINEOS has 328 crypto_fraud alerts including Karnataka

  70% — Three mule account operators held for routing over Rs 1.22-crore 
    • CINEOS has 161 upi_mule alerts including Delhi

  70% — 72-year-old man loses Rs 1.47 crore to digital arrest fraud in Gu
    • CINEOS has 8 digital_arrest alerts including Gujarat
============================================================
  CINEOS NEWS CROSS-REFERENCE ENGINE
  2026-05-13 17:45 IST
============================================================
Database: 0 alerts · 1245 channels · 1544 nodes
[NEWS] Fetching enforcement news...
  Found 56 unique articles

[MATCHING] 56 articles vs database...

0 matches found · saved to reports/news_matches.json

TOP 3 MATCHES:
============================================================
  CINEOS NEWS CROSS-REFERENCE ENGINE
  2026-05-13 19:45 IST
============================================================
Database: 2000 alerts · 1245 channels · 1775 nodes
[NEWS] Fetching enforcement news...
  Found 77 unique articles

[MATCHING] 77 articles vs database...
  [ 70%] ED arrests key accused in Bitcoin scam, hacker ‘Sriki’ also 
  [ 70%] Three mule account operators held for routing over Rs 1.22-c
  [ 85%] Sebi Mandates New NSE Directors to Strengthen Governance for
  [ 70%] 72-year-old man loses Rs 1.47 crore to digital arrest fraud 
  [ 70%] Gujarat cyber crime probe uncovers bank account ‘used in Bab
  [ 70%] 10 held as Gujarat Police bust Rs 53 crore interstate cyber 
  [ 70%] Three mule account operators held for routing over ₹1.22-cro
  [ 70%] Social media photos to fake loans: Inside AI deepfake scam b
  [ 70%] Haryana-based gang busted after tricking woman in Rs 55 lakh
  [ 70%] Two Gujarat men arrested for ₹49 lakh cyber fraud via fake t
  [ 70%] 3 cyber fraud rackets busted; 6 held across multiple states
  [ 70%] Retired Telangana Teacher Loses Rs 82 Lakh In Digital Arrest
  [ 70%] Rs 10 Crore Fake Medicine Racket Busted In Delhi, 4 Arrested
  [ 70%] Fake medicine racket busted, 4 arrested
  [ 70%] Delhi Police bust Rs 10 crore fake medicine racket, four arr
  [ 70%] Delhi Crime Branch busts ₹6 crore fake medicine racket; coun
  [ 70%] Delhi Police bust fake medicine racket, seize drugs worth ₹6
  [ 70%] Fresh Wave of Narcotic Drug Busts Across North India – Over 
  [ 85%] How the TXEX and DSJ Syndicates Built a $150M Empire on Traf

19 matches found · saved to reports/news_matches.json

TOP 3 MATCHES:

  85% — Sebi Mandates New NSE Directors to Strengthen Governance for IPO
    • Operator Radhe Exchange / Diamond Exchange Network name matches news

  85% — How the TXEX and DSJ Syndicates Built a $150M Empire on Trafficke
    • Operator Radhe Exchange / Diamond Exchange Network name matches news

  70% — ED arrests key accused in Bitcoin scam, hacker ‘Sriki’ also nabbe
    • CINEOS has 357 crypto_fraud alerts including Karnataka
============================================================
  CINEOS NEWS CROSS-REFERENCE ENGINE
  2026-05-14 01:45 IST
============================================================
Database: 2000 alerts · 1245 channels · 1775 nodes
[NEWS] Fetching enforcement news...
  Found 24 unique articles

[MATCHING] 24 articles vs database...
  [ 70%] 72-year-old man loses Rs 1.47 crore to digital arrest fraud 
  [ 70%] 10 held as Gujarat Police bust Rs 53 crore interstate cyber 
  [ 70%] Three mule account operators held for routing over ₹1.22-cro
  [ 70%] Social media photos to fake loans: Inside AI deepfake scam b
  [ 70%] Haryana-based gang busted after tricking woman in Rs 55 lakh
  [ 70%] Two Gujarat men arrested for ₹49 lakh cyber fraud via fake t
  [ 70%] 3 cyber fraud rackets busted; 6 held across multiple states
  [ 85%] How the TXEX and DSJ Syndicates Built a $150M Empire on Traf

8 matches found · saved to reports/news_matches.json

TOP 3 MATCHES:

  85% — How the TXEX and DSJ Syndicates Built a $150M Empire on Trafficke
    • Operator Radhe Exchange / Diamond Exchange Network name matches news

  70% — 72-year-old man loses Rs 1.47 crore to digital arrest fraud in Gu
    • CINEOS has 9 digital_arrest alerts including Gujarat

  70% — 10 held as Gujarat Police bust Rs 53 crore interstate cyber scam;
    • CINEOS has 172 upi_mule alerts including Gujarat
============================================================
  CINEOS NEWS CROSS-REFERENCE ENGINE
  2026-05-14 03:45 IST
============================================================
Database: 2032 alerts · 1245 channels · 1775 nodes
[NEWS] Fetching enforcement news...
  Found 2 unique articles

[MATCHING] 2 articles vs database...

0 matches found · saved to reports/news_matches.json

TOP 3 MATCHES:
============================================================
  CINEOS NEWS CROSS-REFERENCE ENGINE
  2026-05-14 05:45 IST
============================================================
Database: 2067 alerts · 1245 channels · 1775 nodes
[NEWS] Fetching enforcement news...
  Found 0 unique articles

[MATCHING] 0 articles vs database...

0 matches found · saved to reports/news_matches.json

TOP 3 MATCHES:
============================================================
  CINEOS NEWS CROSS-REFERENCE ENGINE
  2026-05-14 07:45 IST
============================================================
Database: 2031 alerts · 1245 channels · 1775 nodes
[NEWS] Fetching enforcement news...
  Found 0 unique articles

[MATCHING] 0 articles vs database...

0 matches found · saved to reports/news_matches.json

TOP 3 MATCHES:
============================================================
  CINEOS NEWS CROSS-REFERENCE ENGINE
  2026-05-14 09:45 IST
============================================================
Database: 2037 alerts · 1245 channels · 1775 nodes
[NEWS] Fetching enforcement news...
  Found 0 unique articles

[MATCHING] 0 articles vs database...

0 matches found · saved to reports/news_matches.json

TOP 3 MATCHES:
============================================================
  CINEOS NEWS CROSS-REFERENCE ENGINE
  2026-05-14 21:45 IST
============================================================
Database: 2069 alerts · 1245 channels · 1966 nodes
[NEWS] Fetching enforcement news...
  Found 76 unique articles

[MATCHING] 76 articles vs database...
  [ 70%] ED arrests key accused in Bitcoin scam, hacker ‘Sriki’ also 
  [ 70%] Three mule account operators held for routing over Rs 1.22-c
  [ 70%] Three mule account operators held for routing over ₹1.22-cro
  [ 70%] Haryana-Based Gang Busted For Duping Woman Of Rs 55 Lakh In 
  [ 70%] Haryana-based gang busted after tricking woman in Rs 55 lakh
  [ 70%] Social media photos to fake loans: Inside AI deepfake scam b
  [ 70%] Two Gujarat men arrested for ₹49 lakh cyber fraud via fake t
  [ 70%] 3 cyber fraud rackets busted; 6 held across multiple states
  [ 70%] Retired Telangana Teacher Loses Rs 82 Lakh In Digital Arrest
  [ 70%] Fake medicine racket busted, 4 arrested
  [ 70%] Delhi Police Bust Fake Drug Racket in Mukherjee Nagar, 4 Arr
  [ 70%] Delhi Police bust fake OPPO, OnePlus and Realme factory; two
  [ 70%] Delhi Police bust fake medicine racket, seize drugs worth ₹6
  [ 70%] Fresh Wave of Narcotic Drug Busts Across North India – Over 
  [ 85%] How the TXEX and DSJ Syndicates Built a $150M Empire on Traf

15 matches found · saved to reports/news_matches.json

TOP 3 MATCHES:

  85% — How the TXEX and DSJ Syndicates Built a $150M Empire on Trafficke
    • Operator Radhe Exchange / Diamond Exchange Network name matches news

  70% — ED arrests key accused in Bitcoin scam, hacker ‘Sriki’ also nabbe
    • CINEOS has 418 crypto_fraud alerts including Karnataka

  70% — Three mule account operators held for routing over Rs 1.22-crore 
    • CINEOS has 170 upi_mule alerts including Gujarat
============================================================
  CINEOS NEWS CROSS-REFERENCE ENGINE
  2026-05-14 23:45 IST
============================================================
Database: 2096 alerts · 1245 channels · 1966 nodes
[NEWS] Fetching enforcement news...
  Found 75 unique articles

[MATCHING] 75 articles vs database...
  [ 70%] ED arrests key accused in Bitcoin scam, hacker ‘Sriki’ also 
  [ 70%] Three mule account operators held for routing over Rs 1.22-c
  [ 70%] Three mule account operators held for routing over ₹1.22-cro
  [ 70%] Haryana-Based Gang Busted For Duping Woman Of Rs 55 Lakh In 
  [ 70%] Haryana-based gang busted after tricking woman in Rs 55 lakh
  [ 70%] Social media photos to fake loans: Inside AI deepfake scam b
  [ 70%] Two Gujarat men arrested for ₹49 lakh cyber fraud via fake t
  [ 70%] 3 cyber fraud rackets busted; 6 held across multiple states
  [ 70%] Retired Telangana Teacher Loses Rs 82 Lakh In Digital Arrest
  [ 70%] Fake medicine racket busted, 4 arrested
  [ 70%] Fake life-saving medicine racket busted in Delhi: Here's how
  [ 70%] Delhi Police Bust Fake Drug Racket in Mukherjee Nagar, 4 Arr
  [ 70%] Delhi Police bust fake medicine racket, seize drugs worth ₹6
  [ 70%] Fresh Wave of Narcotic Drug Busts Across North India – Over 
  [ 70%] Delhi Police bust fake OPPO, OnePlus and Realme factory; two
  [ 85%] How the TXEX and DSJ Syndicates Built a $150M Empire on Traf

16 matches found · saved to reports/news_matches.json

TOP 3 MATCHES:

  85% — How the TXEX and DSJ Syndicates Built a $150M Empire on Trafficke
    • Operator Radhe Exchange / Diamond Exchange Network name matches news

  70% — ED arrests key accused in Bitcoin scam, hacker ‘Sriki’ also nabbe
    • CINEOS has 423 crypto_fraud alerts including Karnataka

  70% — Three mule account operators held for routing over Rs 1.22-crore 
    • CINEOS has 176 upi_mule alerts including Delhi
============================================================
  CINEOS NEWS CROSS-REFERENCE ENGINE
  2026-05-15 07:45 IST
============================================================
Database: 2062 alerts · 1245 channels · 1966 nodes
[NEWS] Fetching enforcement news...
  Found 76 unique articles

[MATCHING] 76 articles vs database...
  [ 70%] Karnataka: ED arrests Shreeki in Bitcoin scam; scrutiny retu
  [ 70%] ED arrests key accused in Bitcoin scam, hacker ‘Sriki’ also 
  [ 70%] Three mule account operators held for routing over Rs 1.22-c
  [ 70%] Haryana-based gang busted after tricking woman in Rs 55 lakh
  [ 70%] Three mule account operators held for routing over ₹1.22-cro
  [ 70%] Haryana-Based Gang Busted For Duping Woman Of Rs 55 Lakh In  · 1d BEFORE arrest
  [ 70%] Social media photos to fake loans: Inside AI deepfake scam b
  [ 70%] Two Gujarat men arrested for ₹49 lakh cyber fraud via fake t
  [ 70%] 3 cyber fraud rackets busted; 6 held across multiple states
  [ 70%] Retired Telangana Teacher Loses Rs 82 Lakh In Digital Arrest
  [ 70%] Fake life-saving medicine racket busted in Delhi: Here's how
  [ 70%] Delhi Police Bust Fake Drug Racket in Mukherjee Nagar, 4 Arr
  [ 70%] Wanted drug lord Prabhdeep Singh extradited to India from Az
  [ 70%] Delhi Police bust fake OPPO, OnePlus and Realme factory; two
  [ 85%] How the TXEX and DSJ Syndicates Built a $150M Empire on Traf

15 matches found · saved to reports/news_matches.json

TOP 3 MATCHES:

  85% — How the TXEX and DSJ Syndicates Built a $150M Empire on Trafficke
    • Operator Radhe Exchange / Diamond Exchange Network name matches news

  70% — Karnataka: ED arrests Shreeki in Bitcoin scam; scrutiny returns o
    • CINEOS has 424 crypto_fraud alerts including Karnataka

  70% — ED arrests key accused in Bitcoin scam, hacker ‘Sriki’ also nabbe
    • CINEOS has 424 crypto_fraud alerts including Karnataka
============================================================
  CINEOS NEWS CROSS-REFERENCE ENGINE
  2026-05-15 09:45 IST
============================================================
Database: 2031 alerts · 1245 channels · 1966 nodes
[NEWS] Fetching enforcement news...
  Found 70 unique articles

[MATCHING] 70 articles vs database...
  [ 70%] Karnataka: ED arrests Shreeki in Bitcoin scam; scrutiny retu
  [ 70%] ED arrests key accused in Bitcoin scam, hacker ‘Sriki’ also 
  [ 70%] Three mule account operators held for routing over Rs 1.22-c
  [ 70%] 10 held as Gujarat Police bust Rs 53 crore interstate cyber 
  [ 70%] Haryana-based gang busted after tricking woman in Rs 55 lakh
  [ 70%] Three mule account operators held for routing over ₹1.22-cro
  [ 70%] Haryana-Based Gang Busted For Duping Woman Of Rs 55 Lakh In  · 1d BEFORE arrest
  [ 70%] Social media photos to fake loans: Inside AI deepfake scam b
  [ 70%] Two Gujarat men arrested for ₹49 lakh cyber fraud via fake t
  [ 70%] 3 cyber fraud rackets busted; 6 held across multiple states
  [ 70%] Retired Telangana Teacher Loses Rs 82 Lakh In Digital Arrest
  [ 70%] Fake life-saving medicine racket busted in Delhi: Here's how
  [ 70%] Delhi Police Bust Fake Drug Racket in Mukherjee Nagar, 4 Arr
  [ 70%] Wanted drug lord Prabhdeep Singh extradited to India from Az
  [ 70%] Delhi Police bust fake OPPO, OnePlus and Realme factory; two
  [ 85%] How the TXEX and DSJ Syndicates Built a $150M Empire on Traf

16 matches found · saved to reports/news_matches.json

TOP 3 MATCHES:

  85% — How the TXEX and DSJ Syndicates Built a $150M Empire on Trafficke
    • Operator Radhe Exchange / Diamond Exchange Network name matches news

  70% — Karnataka: ED arrests Shreeki in Bitcoin scam; scrutiny returns o
    • CINEOS has 445 crypto_fraud alerts including Karnataka

  70% — ED arrests key accused in Bitcoin scam, hacker ‘Sriki’ also nabbe
    • CINEOS has 445 crypto_fraud alerts including Karnataka
============================================================
  CINEOS NEWS CROSS-REFERENCE ENGINE
  2026-05-15 11:49 IST
============================================================
Database: 2028 alerts · 1245 channels · 1966 nodes
[NEWS] Fetching enforcement news...
  Found 71 unique articles

[MATCHING] 71 articles vs database...
  [ 70%] Karnataka: ED arrests Shreeki in Bitcoin scam; scrutiny retu
  [ 70%] ED arrests key accused in Bitcoin scam, hacker ‘Sriki’ also 
  [ 70%] Three mule account operators held for routing over Rs 1.22-c
  [ 70%] Haryana-based gang busted after tricking woman in Rs 55 lakh
  [ 70%] Three mule account operators held for routing over ₹1.22-cro
  [ 70%] Haryana-Based Gang Busted For Duping Woman Of Rs 55 Lakh In  · 1d BEFORE arrest
  [ 70%] Social media photos to fake loans: Inside AI deepfake scam b
  [ 70%] Two Gujarat men arrested for ₹49 lakh cyber fraud via fake t
  [ 70%] 3 cyber fraud rackets busted; 6 held across multiple states
  [ 70%] Retired Telangana Teacher Loses Rs 82 Lakh In Digital Arrest
  [ 70%] Delhi Police bust online shopping fraud racket, one accused 
  [ 70%] Fake life-saving medicine racket busted in Delhi: Here's how
  [ 70%] Fresh Wave of Narcotic Drug Busts Across North India – Over 
  [ 70%] Wanted drug lord Prabhdeep Singh extradited to India from Az
  [ 70%] Delhi Police bust fake OPPO, OnePlus and Realme factory; two
  [ 70%] Rajasthan ANTF seizes 234 kg drug-making chemical; 2 arreste
  [ 85%] How the TXEX and DSJ Syndicates Built a $150M Empire on Traf

17 matches found · saved to reports/news_matches.json

TOP 3 MATCHES:

  85% — How the TXEX and DSJ Syndicates Built a $150M Empire on Trafficke
    • Operator Radhe Exchange / Diamond Exchange Network name matches news

  70% — Karnataka: ED arrests Shreeki in Bitcoin scam; scrutiny returns o
    • CINEOS has 446 crypto_fraud alerts including Karnataka

  70% — ED arrests key accused in Bitcoin scam, hacker ‘Sriki’ also nabbe
    • CINEOS has 446 crypto_fraud alerts including Karnataka
============================================================
  CINEOS NEWS CROSS-REFERENCE ENGINE
  2026-05-15 23:45 IST
============================================================
Database: 2000 alerts · 1245 channels · 1966 nodes
[NEWS] Fetching enforcement news...
  Found 70 unique articles

[MATCHING] 70 articles vs database...
  [ 70%] Karnataka: ED arrests Shreeki in Bitcoin scam; scrutiny retu
  [ 70%] ED arrests key accused in Bitcoin scam, hacker ‘Sriki’ also 
  [ 70%] Three mule account operators held for routing over Rs 1.22-c
  [ 70%] Haryana-based gang busted after tricking woman in Rs 55 lakh
  [ 70%] Three mule account operators held for routing over ₹1.22-cro
  [ 70%] Haryana-Based Gang Busted For Duping Woman Of Rs 55 Lakh In 
  [ 70%] Social media photos to fake loans: Inside AI deepfake scam b
  [ 70%] Two Gujarat men arrested for ₹49 lakh cyber fraud via fake t
  [ 70%] 3 cyber fraud rackets busted; 6 held across multiple states
  [ 70%] Retired Telangana Teacher Loses Rs 82 Lakh In Digital Arrest
  [ 70%] Delhi Police bust online shopping fraud racket, one accused 
  [ 85%] Visakhapatnam police crack betting network: ₹500 crore trans · 2d BEFORE arrest
  [ 70%] Wanted drug lord Prabhdeep Singh extradited to India from Az
  [ 70%] Fresh Wave of Narcotic Drug Busts Across North India – Over 
  [ 70%] Rajasthan ANTF seizes 234 kg drug-making chemical; 2 arreste
  [ 85%] How the TXEX and DSJ Syndicates Built a $150M Empire on Traf

16 matches found · saved to reports/news_matches.json

TOP 3 MATCHES:

  85% — Visakhapatnam police crack betting network: ₹500 crore transactio
  ⚡ CINEOS detected 2 days BEFORE this news
    • Operator Fairplay Betting Network name matches news
    • CINEOS has 375 illegal_betting alerts including Andhra Pradesh

  85% — How the TXEX and DSJ Syndicates Built a $150M Empire on Trafficke
    • Operator Radhe Exchange / Diamond Exchange Network name matches news

  70% — Karnataka: ED arrests Shreeki in Bitcoin scam; scrutiny returns o
    • CINEOS has 444 crypto_fraud alerts including Karnataka
============================================================
  CINEOS NEWS CROSS-REFERENCE ENGINE
  2026-05-16 05:45 IST
============================================================
Database: 2000 alerts · 1245 channels · 2122 nodes
[NEWS] Fetching enforcement news...
  Error: The read operation timed out
  Found 67 unique articles

[MATCHING] 67 articles vs database...
  [ 70%] ED arrests key accused in Bitcoin scam, hacker ‘Sriki’ also 
  [ 70%] Three mule account operators held for routing over Rs 1.22-c
  [ 70%] Three mule account operators held for routing over ₹1.22-cro
  [ 70%] Haryana-Based Gang Busted For Duping Woman Of Rs 55 Lakh In 
  [ 70%] Haryana-based gang busted after tricking woman in Rs 55 lakh
  [ 70%] Two Arrested for Scamming Elderly Woman of ₹55 Lakhs in Guja
  [ 70%] Two Gujarat men arrested for ₹49 lakh cyber fraud via fake t
  [ 70%] 3 cyber fraud rackets busted; 6 held across multiple states
  [ 70%] Retired Telangana Teacher Loses Rs 82 Lakh In Digital Arrest
  [ 70%] Delhi Police bust online shopping fraud racket, one accused 
  [ 85%] Visakhapatnam police crack betting network: ₹500 crore trans · 2d BEFORE arrest
  [ 70%] Wanted drug lord Prabhdeep Singh extradited to India from Az
  [ 85%] How the TXEX and DSJ Syndicates Built a $150M Empire on Traf
  [ 70%] PBKS vs DC live streaming: When and where to watch IPL 2026 

14 matches found · saved to reports/news_matches.json

TOP 3 MATCHES:

  85% — Visakhapatnam police crack betting network: ₹500 crore transactio
  ⚡ CINEOS detected 2 days BEFORE this news
    • Operator Fairplay Betting Network name matches news
    • CINEOS has 393 illegal_betting alerts including Andhra Pradesh

  85% — How the TXEX and DSJ Syndicates Built a $150M Empire on Trafficke
    • Operator Radhe Exchange / Diamond Exchange Network name matches news

  70% — ED arrests key accused in Bitcoin scam, hacker ‘Sriki’ also nabbe
    • CINEOS has 461 crypto_fraud alerts including Karnataka
============================================================
  CINEOS NEWS CROSS-REFERENCE ENGINE
  2026-05-16 09:45 IST
============================================================
Database: 2139 alerts · 1245 channels · 2122 nodes
[NEWS] Fetching enforcement news...
  Found 71 unique articles

[MATCHING] 71 articles vs database...
  [ 70%] ED arrests key accused in Bitcoin scam, hacker ‘Sriki’ also 
  [ 70%] Three mule account operators held for routing over Rs 1.22-c
  [ 70%] Three mule account operators held for routing over ₹1.22-cro
  [ 70%] Haryana-Based Gang Busted For Duping Woman Of Rs 55 Lakh In  · 1d BEFORE arrest
  [ 70%] Haryana-based gang busted after tricking woman in Rs 55 lakh
  [ 70%] Two Arrested for Scamming Elderly Woman of ₹55 Lakhs in Guja
  [ 70%] Two Gujarat men arrested for ₹49 lakh cyber fraud via fake t
  [ 70%] 3 cyber fraud rackets busted; 6 held across multiple states
  [ 70%] Retired Telangana Teacher Loses Rs 82 Lakh In Digital Arrest
  [ 70%] Delhi Police bust online shopping fraud racket, one accused 
  [ 85%] Visakhapatnam police crack betting network: ₹500 crore trans · 3d BEFORE arrest
  [ 70%] 2 days after minor’s death due to ‘forced drug dose’, woman 
  [ 70%] Delhi Police bust fake OPPO, OnePlus and Realme factory; two
  [ 70%] Rajasthan ANTF seizes 234 kg drug-making chemical; 2 arreste
  [ 85%] How the TXEX and DSJ Syndicates Built a $150M Empire on Traf
  [ 70%] PBKS vs DC live streaming: When and where to watch IPL 2026 

16 matches found · saved to reports/news_matches.json

TOP 3 MATCHES:

  85% — Visakhapatnam police crack betting network: ₹500 crore transactio
  ⚡ CINEOS detected 3 days BEFORE this news
    • Operator Fairplay Betting Network name matches news
    • CINEOS has 329 illegal_betting alerts including Andhra Pradesh

  85% — How the TXEX and DSJ Syndicates Built a $150M Empire on Trafficke
    • Operator Radhe Exchange / Diamond Exchange Network name matches news

  70% — ED arrests key accused in Bitcoin scam, hacker ‘Sriki’ also nabbe
    • CINEOS has 422 crypto_fraud alerts including Karnataka
============================================================
  CINEOS NEWS CROSS-REFERENCE ENGINE
  2026-05-16 11:45 IST
============================================================
Database: 2190 alerts · 1245 channels · 2122 nodes
[NEWS] Fetching enforcement news...
  Found 68 unique articles

[MATCHING] 68 articles vs database...
  [ 70%] ED arrests key accused in Bitcoin scam, hacker ‘Sriki’ also 
  [ 70%] Three mule account operators held for routing over Rs 1.22-c
  [ 70%] Three mule account operators held for routing over ₹1.22-cro
  [ 70%] Haryana-Based Gang Busted For Duping Woman Of Rs 55 Lakh In  · 1d BEFORE arrest
  [ 70%] 72-year-old man loses Rs 1.47 crore to digital arrest fraud 
  [ 70%] Haryana-based gang busted after tricking woman in Rs 55 lakh
  [ 70%] Two Gujarat men arrested for ₹49 lakh cyber fraud via fake t
  [ 70%] 3 cyber fraud rackets busted; 6 held across multiple states
  [ 70%] Retired Telangana Teacher Loses Rs 82 Lakh In Digital Arrest
  [ 70%] Delhi Police bust online shopping fraud racket, one accused 
  [ 85%] Visakhapatnam police crack betting network: ₹500 crore trans · 3d BEFORE arrest
  [ 70%] 2 days after minor’s death due to ‘forced drug dose’, woman 
  [ 70%] Delhi Police bust fake OPPO, OnePlus and Realme factory; two
  [ 70%] Rajasthan ANTF seizes 234 kg drug-making chemical; 2 arreste
  [ 85%] How the TXEX and DSJ Syndicates Built a $150M Empire on Traf
  [ 70%] PBKS vs DC live streaming: When and where to watch IPL 2026 

16 matches found · saved to reports/news_matches.json

TOP 3 MATCHES:

  85% — Visakhapatnam police crack betting network: ₹500 crore transactio
  ⚡ CINEOS detected 3 days BEFORE this news
    • Operator Fairplay Betting Network name matches news
    • CINEOS has 333 illegal_betting alerts including Andhra Pradesh

  85% — How the TXEX and DSJ Syndicates Built a $150M Empire on Trafficke
    • Operator Radhe Exchange / Diamond Exchange Network name matches news

  70% — ED arrests key accused in Bitcoin scam, hacker ‘Sriki’ also nabbe
    • CINEOS has 418 crypto_fraud alerts including Karnataka
============================================================
  CINEOS NEWS CROSS-REFERENCE ENGINE
  2026-05-16 13:45 IST
============================================================
Database: 2202 alerts · 1245 channels · 2122 nodes
[NEWS] Fetching enforcement news...
  Found 69 unique articles

[MATCHING] 69 articles vs database...
  [ 70%] ED arrests key accused in Bitcoin scam, hacker ‘Sriki’ also 
  [ 70%] Three mule account operators held for routing over Rs 1.22-c
  [ 70%] Major Cyber Crime Crackdown In Bihar: 602 Cyber Criminals Ar · 3d BEFORE arrest
  [ 70%] Three mule account operators held for routing over ₹1.22-cro
  [ 70%] Haryana-Based Gang Busted For Duping Woman Of Rs 55 Lakh In  · 1d BEFORE arrest
  [ 70%] Haryana-based gang busted after tricking woman in Rs 55 lakh
  [ 70%] Two Gujarat men arrested for ₹49 lakh cyber fraud via fake t
  [ 70%] 3 cyber fraud rackets busted; 6 held across multiple states
  [ 70%] Delhi Police bust online shopping fraud racket, one accused 
  [ 85%] Visakhapatnam police crack betting network: ₹500 crore trans · 3d BEFORE arrest
  [ 70%] 2 days after minor’s death due to ‘forced drug dose’, woman 
  [ 70%] Delhi Police bust fake OPPO, OnePlus and Realme factory; two
  [ 85%] How the TXEX and DSJ Syndicates Built a $150M Empire on Traf
  [ 70%] PBKS vs DC live streaming: When and where to watch IPL 2026 

14 matches found · saved to reports/news_matches.json

TOP 3 MATCHES:

  85% — Visakhapatnam police crack betting network: ₹500 crore transactio
  ⚡ CINEOS detected 3 days BEFORE this news
    • Operator Fairplay Betting Network name matches news
    • CINEOS has 340 illegal_betting alerts including Andhra Pradesh

  85% — How the TXEX and DSJ Syndicates Built a $150M Empire on Trafficke
    • Operator Radhe Exchange / Diamond Exchange Network name matches news

  70% — ED arrests key accused in Bitcoin scam, hacker ‘Sriki’ also nabbe
    • CINEOS has 423 crypto_fraud alerts including Karnataka
============================================================
  CINEOS NEWS CROSS-REFERENCE ENGINE
  2026-05-16 23:45 IST
============================================================
Database: 2180 alerts · 1245 channels · 2122 nodes
[NEWS] Fetching enforcement news...
  Found 73 unique articles

[MATCHING] 73 articles vs database...
  [ 70%] Karnataka: ED arrests Shreeki in Bitcoin scam; scrutiny retu
  [ 70%] ED arrests key accused in Bitcoin scam, hacker ‘Sriki’ also 
  [ 70%] Major Cyber Crime Crackdown In Bihar: 602 Cyber Criminals Ar · 3d BEFORE arrest
  [ 70%] Telegram Task Scam Network Expands in Assam, Victims Lose Cr · 3d BEFORE arrest
  [ 70%] Haryana-based gang busted after tricking woman in Rs 55 lakh
  [ 70%] Nizamabad Complaint Exposes Rs 152 Crore Cyber Scam Network · 3d BEFORE arrest
  [ 70%] Haryana-Based Gang Busted For Duping Woman Of Rs 55 Lakh In 
  [ 70%] 72-year-old man loses Rs 1.47 crore to digital arrest fraud 
  [ 70%] Ahmedabadમાં 'ઓપરેશન મ્યુલ હંટ': સાયબર ગેંગનો સાગરીત ઝડપાયો, · 3d BEFORE arrest
  [ 70%] Two Gujarat men arrested for ₹49 lakh cyber fraud via fake t
  [ 70%] 3 cyber fraud rackets busted; 6 held across multiple states
  [ 70%] Delhi Police bust online shopping fraud racket, one accused 
  [ 85%] Visakhapatnam police crack betting network: ₹500 crore trans · 2d BEFORE arrest
  [ 70%] 2 days after minor’s death due to ‘forced drug dose’, woman 
  [ 70%] Delhi Police bust fake OPPO, OnePlus and Realme factory; two
  [ 85%] How the TXEX and DSJ Syndicates Built a $150M Empire on Traf
  [ 70%] PBKS vs DC live streaming: When and where to watch IPL 2026 

17 matches found · saved to reports/news_matches.json

TOP 3 MATCHES:

  85% — Visakhapatnam police crack betting network: ₹500 crore transactio
  ⚡ CINEOS detected 2 days BEFORE this news
    • Operator Fairplay Betting Network name matches news
    • CINEOS has 342 illegal_betting alerts including Andhra Pradesh

  85% — How the TXEX and DSJ Syndicates Built a $150M Empire on Trafficke
    • Operator Radhe Exchange / Diamond Exchange Network name matches news

  70% — Karnataka: ED arrests Shreeki in Bitcoin scam; scrutiny returns o
    • CINEOS has 427 crypto_fraud alerts including Karnataka
============================================================
  CINEOS NEWS CROSS-REFERENCE ENGINE
  2026-05-17 01:45 IST
============================================================
Database: 2193 alerts · 1245 channels · 2122 nodes
[NEWS] Fetching enforcement news...
  Found 72 unique articles

[MATCHING] 72 articles vs database...
  [ 70%] Karnataka: ED arrests Shreeki in Bitcoin scam; scrutiny retu
  [ 70%] ED arrests key accused in Bitcoin scam, hacker ‘Sriki’ also 
  [ 70%] Major Cyber Crime Crackdown In Bihar: 602 Cyber Criminals Ar · 3d BEFORE arrest
  [ 70%] Telegram Task Scam Network Expands in Assam, Victims Lose Cr · 3d BEFORE arrest
  [ 70%] Nizamabad Complaint Exposes Rs 152 Crore Cyber Scam Network · 3d BEFORE arrest
  [ 70%] Haryana-Based Gang Busted For Duping Woman Of Rs 55 Lakh In 
  [ 70%] 72-year-old man loses Rs 1.47 crore to digital arrest fraud 
  [ 70%] Haryana-based gang busted after tricking woman in Rs 55 lakh
  [ 70%] Ahmedabadમાં 'ઓપરેશન મ્યુલ હંટ': સાયબર ગેંગનો સાગરીત ઝડપાયો, · 3d BEFORE arrest
  [ 70%] Two Gujarat men arrested for ₹49 lakh cyber fraud via fake t
  [ 70%] 3 cyber fraud rackets busted; 6 held across multiple states
  [ 70%] Delhi Police bust online shopping fraud racket, one accused 
  [ 70%] 2 days after minor’s death due to ‘forced drug dose’, woman 
  [ 70%] Delhi Police bust fake OPPO, OnePlus and Realme factory; two
  [ 85%] How the TXEX and DSJ Syndicates Built a $150M Empire on Traf
  [ 70%] PBKS vs DC live streaming: When and where to watch IPL 2026 

16 matches found · saved to reports/news_matches.json

TOP 3 MATCHES:

  85% — How the TXEX and DSJ Syndicates Built a $150M Empire on Trafficke
    • Operator Radhe Exchange / Diamond Exchange Network name matches news

  70% — Karnataka: ED arrests Shreeki in Bitcoin scam; scrutiny returns o
    • CINEOS has 427 crypto_fraud alerts including Karnataka

  70% — ED arrests key accused in Bitcoin scam, hacker ‘Sriki’ also nabbe
    • CINEOS has 427 crypto_fraud alerts including Karnataka
