[2026-05-13 08:03:24] =======================================================
[2026-05-13 08:03:24] CINEOS DAILY AUTOMATED SCAN STARTING
[2026-05-13 08:03:24] =======================================================
[2026-05-13 08:03:24] 
[1/4] Telegram channel scan...
[2026-05-13 08:03:29] Telegram: 1245 channels | 31.2M reach | 0 updated
[2026-05-13 08:03:29] 
[2/4] Web platform scan...
[2026-05-13 08:03:56] Web scan: 43 new findings in last 24h
[2026-05-13 08:03:56] 
[3/4] Checking alerts...
[2026-05-13 08:03:56]   No alerts
[2026-05-13 08:03:56] 
[4/4] Updating master stats...
[2026-05-13 08:03:56] History updated — 3 daily entries
[2026-05-13 08:03:58] Daily digest email sent
[2026-05-13 08:03:58] 
=======================================================
[2026-05-13 08:03:58] SCAN COMPLETE — 32 seconds
[2026-05-13 08:03:58] Channels: 1,245 | Reach: 31.2M
[2026-05-13 08:03:58] Alerts: 0 | New findings: 43
[2026-05-13 08:03:58] =======================================================
