==========================================================
  CINEOS AGGRESSIVE SCAN — 2026-05-13 07:30 IST
==========================================================
[SCAN] IPL piracy...
  IPL piracy: 14 found
[SCAN] Illegal betting...
  Betting: 56 found
[SCAN] Colour prediction...
  Colour prediction: 49 found
[SCAN] Crypto fraud...
  Crypto fraud: 56 found
[SCAN] AI scams...
  AI scams: 10 found
[SCAN] Investment fraud...
  Investment fraud: 5 found
[SCAN] UPI mule...
  UPI mule: 50 found
[SCAN] Domain squats...
  Domain squats: 46 found
[SCAN] Counterfeit goods...
  Counterfeit: 50 found
[SCAN] Enforcement news...
  Enforcement news: 13 found
[SCAN] Multilingual...
  SerpAPI error [google]: HTTP Error 400: Bad Request
  SerpAPI error [google]: HTTP Error 400: Bad Request
  SerpAPI error [google]: HTTP Error 400: Bad Request
  SerpAPI error [google]: HTTP Error 400: Bad Request
  Multilingual: 9 found
[SCAN] WhatsApp fraud...
  WhatsApp: 23 found
[SCAN] IndiaMART...
  IndiaMART: 30 found

[RESULTS] 128 new unique alerts found
[SAVE] 628 total alerts in local file
[RAILWAY] Pushing new alerts...
[RAILWAY] Pushed 50/50 alerts

[SUMMARY]
  New:      128
  Total:    628
  By severity: {'critical': 45, 'high': 83}
  By category:
    counterfeit_marketplace             31
    crypto_fraud                        21
    upi_mule                            19
    investment_fraud                    14
    colour_prediction                   13
    illegal_betting                     11
    domain_squat                        9
    piracy                              8
    counterfeit_pharma                  2
==========================================================
==========================================================
  CINEOS AGGRESSIVE SCAN — 2026-05-13 09:30 IST
==========================================================
[SCAN] IPL piracy...
  IPL piracy: 15 found
[SCAN] Illegal betting...
  Betting: 52 found
[SCAN] Colour prediction...
  Colour prediction: 48 found
[SCAN] Crypto fraud...
  Crypto fraud: 59 found
[SCAN] AI scams...
  AI scams: 9 found
[SCAN] Investment fraud...
  Investment fraud: 4 found
[SCAN] UPI mule...
  UPI mule: 49 found
[SCAN] Domain squats...
  Domain squats: 48 found
[SCAN] Counterfeit goods...
  Counterfeit: 50 found
[SCAN] Enforcement news...
  Enforcement news: 14 found
[SCAN] Multilingual...
  SerpAPI error [google]: HTTP Error 400: Bad Request
  SerpAPI error [google]: HTTP Error 400: Bad Request
  SerpAPI error [google]: HTTP Error 400: Bad Request
  SerpAPI error [google]: HTTP Error 400: Bad Request
  Multilingual: 9 found
[SCAN] WhatsApp fraud...
  WhatsApp: 27 found
[SCAN] IndiaMART...
  IndiaMART: 30 found

[RESULTS] 112 new unique alerts found
[SAVE] 740 total alerts in local file
[RAILWAY] Pushing new alerts...
[RAILWAY] Pushed 50/50 alerts

[SUMMARY]
  New:      112
  Total:    740
  By severity: {'critical': 43, 'high': 69}
  By category:
    crypto_fraud                        27
    counterfeit_marketplace             20
    upi_mule                            16
    investment_fraud                    14
    illegal_betting                     14
    domain_squat                        9
    colour_prediction                   7
    piracy                              4
    counterfeit_pharma                  1
==========================================================
==========================================================
  CINEOS AGGRESSIVE SCAN — 2026-05-13 10:30 IST
==========================================================
[SCAN] IPL piracy...
  IPL piracy: 14 found
[SCAN] Illegal betting...
  Betting: 52 found
[SCAN] Colour prediction...
  Colour prediction: 50 found
[SCAN] Crypto fraud...
  Crypto fraud: 58 found
[SCAN] AI scams...
  AI scams: 9 found
[SCAN] Investment fraud...
  Investment fraud: 0 found
[SCAN] UPI mule...
  SerpAPI error [google]: The read operation timed out
  UPI mule: 36 found
[SCAN] Domain squats...
  Domain squats: 48 found
[SCAN] Counterfeit goods...
  Counterfeit: 49 found
[SCAN] Enforcement news...
  Enforcement news: 13 found
[SCAN] Multilingual...
  SerpAPI error [google]: HTTP Error 400: Bad Request
  SerpAPI error [google]: HTTP Error 400: Bad Request
  SerpAPI error [google]: HTTP Error 400: Bad Request
  SerpAPI error [google]: HTTP Error 400: Bad Request
  Multilingual: 9 found
[SCAN] WhatsApp fraud...
  WhatsApp: 24 found
[SCAN] IndiaMART...
  IndiaMART: 30 found

[RESULTS] 67 new unique alerts found
[SAVE] 807 total alerts in local file
[RAILWAY] Pushing new alerts...
[RAILWAY] Pushed 50/50 alerts

[SUMMARY]
  New:      67
  Total:    807
  By severity: {'critical': 22, 'high': 45}
  By category:
    counterfeit_marketplace             18
    crypto_fraud                        14
    investment_fraud                    8
    illegal_betting                     6
    upi_mule                            6
    colour_prediction                   6
    domain_squat                        5
    piracy                              2
    counterfeit_pharma                  2
==========================================================
==========================================================
  CINEOS AGGRESSIVE SCAN — 2026-05-13 11:30 IST
==========================================================
[SCAN] IPL piracy...
  IPL piracy: 14 found
[SCAN] Illegal betting...
  Betting: 49 found
[SCAN] Colour prediction...
  Colour prediction: 49 found
[SCAN] Crypto fraud...
  Crypto fraud: 58 found
[SCAN] AI scams...
  AI scams: 7 found
[SCAN] Investment fraud...
  Investment fraud: 5 found
[SCAN] UPI mule...
  UPI mule: 49 found
[SCAN] Domain squats...
  Domain squats: 49 found
[SCAN] Counterfeit goods...
  Counterfeit: 44 found
[SCAN] Enforcement news...
  Enforcement news: 12 found
[SCAN] Multilingual...
  SerpAPI error [google]: HTTP Error 400: Bad Request
  SerpAPI error [google]: HTTP Error 400: Bad Request
  SerpAPI error [google]: HTTP Error 400: Bad Request
  SerpAPI error [google]: HTTP Error 400: Bad Request
  Multilingual: 9 found
[SCAN] WhatsApp fraud...
  WhatsApp: 27 found
[SCAN] IndiaMART...
  IndiaMART: 30 found

[RESULTS] 88 new unique alerts found
[SAVE] 992 total alerts in local file
[RAILWAY] Pushing new alerts...
[RAILWAY] Pushed 50/50 alerts

[SUMMARY]
  New:      88
  Total:    992
  By severity: {'critical': 25, 'high': 63}
  By category:
    counterfeit_marketplace             31
    upi_mule                            12
    domain_squat                        11
    crypto_fraud                        10
    illegal_betting                     9
    investment_fraud                    8
    colour_prediction                   5
    piracy                              2
==========================================================
==========================================================
  CINEOS AGGRESSIVE SCAN — 2026-05-13 12:30 IST
==========================================================
[SCAN] IPL piracy...
  IPL piracy: 16 found
[SCAN] Illegal betting...
  Betting: 50 found
[SCAN] Colour prediction...
  Colour prediction: 50 found
[SCAN] Crypto fraud...
  Crypto fraud: 58 found
[SCAN] AI scams...
  AI scams: 8 found
[SCAN] Investment fraud...
  Investment fraud: 4 found
[SCAN] UPI mule...
  UPI mule: 48 found
[SCAN] Domain squats...
  Domain squats: 49 found
[SCAN] Counterfeit goods...
  Counterfeit: 45 found
[SCAN] Enforcement news...
  Enforcement news: 12 found
[SCAN] Multilingual...
  SerpAPI error [google]: HTTP Error 400: Bad Request
  SerpAPI error [google]: HTTP Error 400: Bad Request
  SerpAPI error [google]: HTTP Error 400: Bad Request
  SerpAPI error [google]: HTTP Error 400: Bad Request
  Multilingual: 9 found
[SCAN] WhatsApp fraud...
  WhatsApp: 22 found
[SCAN] IndiaMART...
  IndiaMART: 31 found

[RESULTS] 64 new unique alerts found
[SAVE] 1886 total alerts in local file
[RAILWAY] Pushing new alerts...
[RAILWAY] Pushed 50/50 alerts

[SUMMARY]
  New:      64
  Total:    1886
  By severity: {'critical': 21, 'high': 43}
  By category:
    upi_mule                            18
    domain_squat                        12
    counterfeit_marketplace             9
    colour_prediction                   8
    crypto_fraud                        7
    illegal_betting                     5
    counterfeit_pharma                  3
    piracy                              1
    investment_fraud                    1
==========================================================
==========================================================
  CINEOS AGGRESSIVE SCAN — 2026-05-13 13:30 IST
==========================================================
[SCAN] IPL piracy...
  IPL piracy: 13 found
[SCAN] Illegal betting...
  Betting: 51 found
[SCAN] Colour prediction...
  SerpAPI error [google]: The read operation timed out
  Colour prediction: 40 found
[SCAN] Crypto fraud...
  Crypto fraud: 58 found
[SCAN] AI scams...
  SerpAPI error [google]: The read operation timed out
  AI scams: 7 found
[SCAN] Investment fraud...
  Investment fraud: 4 found
[SCAN] UPI mule...
  UPI mule: 45 found
[SCAN] Domain squats...
  Domain squats: 48 found
[SCAN] Counterfeit goods...
  Counterfeit: 50 found
[SCAN] Enforcement news...
  Enforcement news: 12 found
[SCAN] Multilingual...
  SerpAPI error [google]: HTTP Error 400: Bad Request
  SerpAPI error [google]: HTTP Error 400: Bad Request
  SerpAPI error [google]: HTTP Error 400: Bad Request
  SerpAPI error [google]: HTTP Error 400: Bad Request
  Multilingual: 9 found
[SCAN] WhatsApp fraud...
  WhatsApp: 25 found
[SCAN] IndiaMART...
  IndiaMART: 29 found

[RESULTS] 62 new unique alerts found
[SAVE] 1972 total alerts in local file
[RAILWAY] Pushing new alerts...
[RAILWAY] Pushed 50/50 alerts

[SUMMARY]
  New:      62
  Total:    1972
  By severity: {'critical': 18, 'high': 44}
  By category:
    crypto_fraud                        12
    illegal_betting                     10
    investment_fraud                    9
    counterfeit_pharma                  8
    colour_prediction                   7
    counterfeit_marketplace             7
    piracy                              4
    upi_mule                            2
    domain_squat                        1
    ai_scam                             1
    digital_arrest                      1
==========================================================
==========================================================
  CINEOS AGGRESSIVE SCAN — 2026-05-13 14:30 IST
==========================================================
[SCAN] IPL piracy...
  IPL piracy: 10 found
[SCAN] Illegal betting...
  Betting: 53 found
[SCAN] Colour prediction...
  Colour prediction: 50 found
[SCAN] Crypto fraud...
  Crypto fraud: 58 found
[SCAN] AI scams...
  AI scams: 9 found
[SCAN] Investment fraud...
  Investment fraud: 4 found
[SCAN] UPI mule...
  UPI mule: 47 found
[SCAN] Domain squats...
  Domain squats: 48 found
[SCAN] Counterfeit goods...
  Counterfeit: 47 found
[SCAN] Enforcement news...
  Enforcement news: 13 found
[SCAN] Multilingual...
  SerpAPI error [google]: HTTP Error 400: Bad Request
  SerpAPI error [google]: HTTP Error 400: Bad Request
  SerpAPI error [google]: HTTP Error 400: Bad Request
  SerpAPI error [google]: HTTP Error 400: Bad Request
  Multilingual: 9 found
[SCAN] WhatsApp fraud...
  WhatsApp: 37 found
[SCAN] IndiaMART...
  IndiaMART: 30 found

[RESULTS] 48 new unique alerts found
[SAVE] 2000 total alerts in local file
[RAILWAY] Pushing new alerts...
[RAILWAY] Pushed 48/48 alerts

[SUMMARY]
  New:      48
  Total:    2000
  By severity: {'critical': 20, 'high': 28}
  By category:
    upi_mule                            11
    domain_squat                        10
    illegal_betting                     8
    investment_fraud                    7
    colour_prediction                   4
    counterfeit_marketplace             3
    piracy                              2
    crypto_fraud                        2
    counterfeit_pharma                  1
==========================================================
==========================================================
  CINEOS AGGRESSIVE SCAN — 2026-05-13 15:30 IST
==========================================================
[SCAN] IPL piracy...
  IPL piracy: 9 found
[SCAN] Illegal betting...
  Betting: 49 found
[SCAN] Colour prediction...
  Colour prediction: 50 found
[SCAN] Crypto fraud...
  SerpAPI error [google]: The read operation timed out
  Crypto fraud: 49 found
[SCAN] AI scams...
  AI scams: 8 found
[SCAN] Investment fraud...
  Investment fraud: 4 found
[SCAN] UPI mule...
  UPI mule: 48 found
[SCAN] Domain squats...
  Domain squats: 48 found
[SCAN] Counterfeit goods...
  Counterfeit: 50 found
[SCAN] Enforcement news...
  Enforcement news: 13 found
[SCAN] Multilingual...
  SerpAPI error [google]: HTTP Error 400: Bad Request
  SerpAPI error [google]: HTTP Error 400: Bad Request
  SerpAPI error [google]: HTTP Error 400: Bad Request
  SerpAPI error [google]: HTTP Error 400: Bad Request
  Multilingual: 9 found
[SCAN] WhatsApp fraud...
  WhatsApp: 30 found
[SCAN] IndiaMART...
  IndiaMART: 30 found

[RESULTS] 33 new unique alerts found
[SAVE] 2000 total alerts in local file
[RAILWAY] Pushing new alerts...
[RAILWAY] Pushed 33/33 alerts

[SUMMARY]
  New:      33
  Total:    2000
  By severity: {'critical': 16, 'high': 17}
  By category:
    domain_squat                        8
    upi_mule                            6
    crypto_fraud                        5
    colour_prediction                   4
    illegal_betting                     3
    counterfeit_pharma                  3
    counterfeit_marketplace             2
    investment_fraud                    2
==========================================================
==========================================================
  CINEOS AGGRESSIVE SCAN — 2026-05-13 17:34 IST
==========================================================
[SCAN] IPL piracy...
  IPL piracy: 10 found
[SCAN] Illegal betting...
  Betting: 49 found
[SCAN] Colour prediction...
  Colour prediction: 49 found
[SCAN] Crypto fraud...
  Crypto fraud: 59 found
[SCAN] AI scams...
  AI scams: 8 found
[SCAN] Investment fraud...
  Investment fraud: 0 found
[SCAN] UPI mule...
  UPI mule: 47 found
[SCAN] Domain squats...
  Domain squats: 48 found
[SCAN] Counterfeit goods...
  Counterfeit: 48 found
[SCAN] Enforcement news...
  Enforcement news: 10 found
[SCAN] Multilingual...
  SerpAPI error [google]: HTTP Error 400: Bad Request
  SerpAPI error [google]: HTTP Error 400: Bad Request
  SerpAPI error [google]: HTTP Error 400: Bad Request
  SerpAPI error [google]: HTTP Error 400: Bad Request
  Multilingual: 6 found
[SCAN] WhatsApp fraud...
  WhatsApp: 34 found
[SCAN] IndiaMART...
  IndiaMART: 29 found

[RESULTS] 36 new unique alerts found
[SAVE] 2000 total alerts in local file
[RAILWAY] Pushing new alerts...
[RAILWAY] Pushed 36/36 alerts

[SUMMARY]
  New:      36
  Total:    2000
  By severity: {'critical': 9, 'high': 27}
  By category:
    upi_mule                            8
    investment_fraud                    6
    illegal_betting                     5
    crypto_fraud                        5
    counterfeit_marketplace             4
    colour_prediction                   3
    domain_squat                        2
    piracy                              1
    digital_arrest                      1
    ai_scam                             1
==========================================================
