
[2026-05-11 16:31:34] Keepalive restarted — Python version
[2026-05-11 16:31:34] Ping OK — status 200
Ping OK — status 200
[2026-05-11 16:41:35] Ping OK — status 200
Ping OK — status 200
[2026-05-11 16:51:36] Ping OK — status 200
Ping OK — status 200
[2026-05-11 17:01:36] Ping OK — status 200
Ping OK — status 200
[2026-05-11 17:11:37] Ping OK — status 200
Ping OK — status 200
[2026-05-11 17:21:38] Ping OK — status 200
Ping OK — status 200
[2026-05-11 17:31:39] Ping OK — status 200
Ping OK — status 200
[2026-05-11 17:41:40] Ping OK — status 200
Ping OK — status 200
[2026-05-11 17:51:41] Ping OK — status 200
Ping OK — status 200
[2026-05-11 18:01:42] Ping OK — status 200
Ping OK — status 200
[2026-05-11 18:11:42] Ping OK — status 200
Ping OK — status 200
[2026-05-11 18:23:24] Ping OK — status 200
Ping OK — status 200
[2026-05-11 18:33:25] Ping OK — status 200
Ping OK — status 200
[2026-05-11 18:51:13] Ping OK — status 200
Ping OK — status 200
[2026-05-11 19:01:13] Ping OK — status 200
Ping OK — status 200
[2026-05-11 19:11:14] Ping OK — status 200
Ping OK — status 200
[2026-05-11 19:21:16] Ping OK — status 200
Ping OK — status 200
[2026-05-11 19:31:17] Ping OK — status 200
Ping OK — status 200
[2026-05-11 19:41:18] Ping OK — status 200
Ping OK — status 200
[2026-05-11 19:51:18] Ping OK — status 200
Ping OK — status 200
[2026-05-11 20:01:19] Ping OK — status 200
Ping OK — status 200
[2026-05-11 20:11:19] Ping OK — status 200
Ping OK — status 200
[2026-05-11 20:21:45] Ping OK — status 200
Ping OK — status 200
[2026-05-11 20:31:46] Ping OK — status 200
Ping OK — status 200
[2026-05-11 20:44:26] Ping OK — status 200
Ping OK — status 200
[2026-05-11 20:54:27] Ping OK — status 200
Ping OK — status 200
[2026-05-11 21:04:28] Ping OK — status 200
Ping OK — status 200
[2026-05-11 21:15:04] Ping OK — status 200
Ping OK — status 200
[2026-05-11 21:25:05] Ping OK — status 200
Ping OK — status 200
[2026-05-11 21:35:05] Ping OK — status 200
Ping OK — status 200
[2026-05-11 21:46:16] Ping OK — status 200
Ping OK — status 200
[2026-05-11 21:56:16] Ping OK — status 200
Ping OK — status 200
[2026-05-11 22:06:17] Ping OK — status 200
Ping OK — status 200
[2026-05-11 22:16:17] Ping OK — status 200
Ping OK — status 200
[2026-05-11 22:26:18] Ping OK — status 200
Ping OK — status 200
[2026-05-11 22:36:18] Ping OK — status 200
Ping OK — status 200
[2026-05-11 22:46:19] Ping OK — status 200
Ping OK — status 200
[2026-05-11 22:56:20] Ping OK — status 200
Ping OK — status 200
[2026-05-11 23:06:20] Ping OK — status 200
Ping OK — status 200
[2026-05-11 23:16:21] Ping OK — status 200
Ping OK — status 200
[2026-05-11 23:26:22] Ping OK — status 200
Ping OK — status 200
[2026-05-11 23:36:22] Ping OK — status 200
Ping OK — status 200
[2026-05-11 23:46:23] Ping OK — status 200
Ping OK — status 200
[2026-05-11 23:56:24] Ping OK — status 200
Ping OK — status 200
[2026-05-12 00:06:25] Ping OK — status 200
Ping OK — status 200
[2026-05-12 00:16:26] Ping OK — status 200
Ping OK — status 200
[2026-05-12 00:26:26] Ping OK — status 200
Ping OK — status 200
[2026-05-12 00:36:27] Ping OK — status 200
Ping OK — status 200
[2026-05-12 00:46:28] Ping OK — status 200
Ping OK — status 200
[2026-05-12 00:56:28] Ping OK — status 200
Ping OK — status 200
[2026-05-12 01:06:30] Ping OK — status 200
Ping OK — status 200
[2026-05-12 01:16:31] Ping OK — status 200
Ping OK — status 200
[2026-05-12 01:26:31] Ping OK — status 200
Ping OK — status 200
[2026-05-12 01:36:32] Ping OK — status 200
Ping OK — status 200
[2026-05-12 01:46:33] Ping OK — status 200
Ping OK — status 200
[2026-05-12 01:56:33] Ping OK — status 200
Ping OK — status 200
[2026-05-12 02:06:34] Ping OK — status 200
Ping OK — status 200
[2026-05-12 02:16:35] Ping OK — status 200
Ping OK — status 200
[2026-05-12 02:26:35] Ping OK — status 200
Ping OK — status 200
[2026-05-12 02:36:36] Ping OK — status 200
Ping OK — status 200
[2026-05-12 02:46:38] Ping OK — status 200
Ping OK — status 200
[2026-05-12 02:56:39] Ping OK — status 200
Ping OK — status 200
[2026-05-12 03:06:40] Ping OK — status 200
Ping OK — status 200
[2026-05-12 03:16:40] Ping OK — status 200
Ping OK — status 200
[2026-05-12 03:26:42] Ping failed — HTTP Error 502: Bad Gateway
Ping failed — HTTP Error 502: Bad Gateway
[2026-05-12 03:36:43] Ping failed — HTTP Error 502: Bad Gateway
Ping failed — HTTP Error 502: Bad Gateway
[2026-05-12 03:46:44] Ping OK — status 200
Ping OK — status 200
[2026-05-12 03:56:44] Ping OK — status 200
Ping OK — status 200
[2026-05-12 04:06:45] Ping OK — status 200
Ping OK — status 200
[2026-05-12 04:16:46] Ping OK — status 200
[2026-05-12 20:51:47] Ping OK — status 200
Ping OK — status 200
[2026-05-12 21:01:48] Ping OK — status 200
Ping OK — status 200
[2026-05-12 21:11:50] Ping OK — status 200
Ping OK — status 200
[2026-05-12 21:22:09] Ping OK — status 200
Ping OK — status 200
[2026-05-12 21:32:09] Ping OK — status 200
Ping OK — status 200
[2026-05-12 21:42:21] Ping OK — status 200
Ping OK — status 200
[2026-05-12 21:52:21] Ping OK — status 200
Ping OK — status 200
[2026-05-12 22:02:22] Ping OK — status 200
Ping OK — status 200
[2026-05-12 22:12:22] Ping OK — status 200
Ping OK — status 200
[2026-05-12 22:22:23] Ping OK — status 200
Ping OK — status 200
[2026-05-12 22:32:24] Ping OK — status 200
Ping OK — status 200
[2026-05-12 23:46:37] Ping OK — status 200
Ping OK — status 200
[2026-05-12 23:56:37] Ping OK — status 200
Ping OK — status 200
[2026-05-13 00:06:38] Ping OK — status 200
Ping OK — status 200
[2026-05-13 00:16:38] Ping OK — status 200
Ping OK — status 200
[2026-05-13 00:26:39] Ping OK — status 200
Ping OK — status 200
[2026-05-13 00:36:40] Ping OK — status 200
Ping OK — status 200
[2026-05-13 00:46:41] Ping OK — status 200
Ping OK — status 200
[2026-05-13 00:56:42] Ping OK — status 200
Ping OK — status 200
[2026-05-13 01:06:44] Ping OK — status 200
Ping OK — status 200
[2026-05-13 01:16:45] Ping OK — status 200
Ping OK — status 200
[2026-05-13 01:26:46] Ping OK — status 200
Ping OK — status 200
[2026-05-13 01:36:46] Ping OK — status 200
Ping OK — status 200
[2026-05-13 01:46:47] Ping OK — status 200
