==========================================================
  CINEOS YOUTUBE + INSTAGRAM SCAN
  2026-05-13 13:00 IST
==========================================================

[YOUTUBE] Scanning 20 queries...
  ✓ Legal Online Advice                      📞1 💳0 🔗0 [investment_fraud]
  YouTube: 23 new alerts

[INSTAGRAM] Scanning via search...
  Found 10 Instagram accounts
  (Extracting from search snippets — no login needed)
  Instagram: 1 new alerts

[TOTAL] 24 new (23 YouTube + 1 Instagram)
[RAILWAY] Pushed 24
[SUMMARY] {'illegal_betting': 2, 'crypto_fraud': 4, 'investment_fraud': 13, 'ai_scam': 2, 'loan_fraud': 3}
With phones: 1  With TG links: 0
==========================================================
==========================================================
  CINEOS YOUTUBE + INSTAGRAM SCAN
  2026-05-13 14:00 IST
==========================================================

[YOUTUBE] Scanning 20 queries...
  YouTube: 13 new alerts

[INSTAGRAM] Scanning via search...
  Found 8 Instagram accounts
  (Extracting from search snippets — no login needed)
  Instagram: 0 new alerts

[TOTAL] 13 new (13 YouTube + 0 Instagram)
[RAILWAY] Pushed 13
[SUMMARY] {'investment_fraud': 6, 'illegal_betting': 1, 'crypto_fraud': 6}
With phones: 0  With TG links: 0
==========================================================
==========================================================
  CINEOS YOUTUBE + INSTAGRAM SCAN
  2026-05-13 15:00 IST
==========================================================

[YOUTUBE] Scanning 20 queries...
  YouTube: 6 new alerts

[INSTAGRAM] Scanning via search...
  Found 9 Instagram accounts
  (Extracting from search snippets — no login needed)
  Instagram: 1 new alerts

[TOTAL] 7 new (6 YouTube + 1 Instagram)
[RAILWAY] Pushed 7
[SUMMARY] {'illegal_betting': 2, 'crypto_fraud': 1, 'investment_fraud': 3, 'colour_prediction': 1}
With phones: 0  With TG links: 0
==========================================================
==========================================================
  CINEOS YOUTUBE + INSTAGRAM SCAN
  2026-05-13 17:00 IST
==========================================================

[YOUTUBE] Scanning 20 queries...
  YouTube: 21 new alerts

[INSTAGRAM] Scanning via search...
  Found 9 Instagram accounts
  (Extracting from search snippets — no login needed)
  Instagram: 0 new alerts

[TOTAL] 21 new (21 YouTube + 0 Instagram)
[RAILWAY] Pushed 20
[SUMMARY] {'investment_fraud': 13, 'ai_scam': 3, 'crypto_fraud': 4, 'loan_fraud': 1}
With phones: 0  With TG links: 0
==========================================================
